<?xml version="1.0" encoding="utf-8"?><testsuites name="pytest tests"><testsuite name="pytest" errors="0" failures="0" skipped="0" tests="11" time="12.924" timestamp="2026-02-21T09:51:30.905503+00:00" hostname="agent-env-396599ba-68e1-4fdd-8523-7b5eb31c54fe"><testcase classname="backend.tests.test_ai_tools_new.TestUploadChunk" name="test_upload_single_chunk_txt" time="2.125" /><testcase classname="backend.tests.test_ai_tools_new.TestUploadChunk" name="test_upload_multiple_chunks" time="3.846" /><testcase classname="backend.tests.test_ai_tools_new.TestUploadChunk" name="test_upload_chunk_unauthenticated" time="0.723" /><testcase classname="backend.tests.test_ai_tools_new.TestExtractFile" name="test_extract_txt_file" time="1.343" /><testcase classname="backend.tests.test_ai_tools_new.TestExtractFile" name="test_extract_missing_upload_session" time="0.661" /><testcase classname="backend.tests.test_ai_tools_new.TestExtractFile" name="test_extract_unauthenticated" time="0.692" /><testcase classname="backend.tests.test_ai_tools_new.TestDownloadDocument" name="test_download_txt" time="0.658" /><testcase classname="backend.tests.test_ai_tools_new.TestDownloadDocument" name="test_download_docx" time="0.725" /><testcase classname="backend.tests.test_ai_tools_new.TestDownloadDocument" name="test_download_pdf" time="0.672" /><testcase classname="backend.tests.test_ai_tools_new.TestDownloadDocument" name="test_download_invalid_format" time="0.659" /><testcase classname="backend.tests.test_ai_tools_new.TestDownloadDocument" name="test_download_unauthenticated" time="0.754" /></testsuite></testsuites>