<?xml version="1.0" encoding="utf-8"?><testsuites name="pytest tests"><testsuite name="pytest" errors="0" failures="0" skipped="0" tests="20" time="58.882" timestamp="2026-02-21T11:24:04.664187+00:00" hostname="agent-env-330a2ebb-2f41-4531-98bc-ebf136e69909"><testcase classname="backend.tests.test_backend_refactored.TestAuthEndpoints" name="test_login_success" time="1.254" /><testcase classname="backend.tests.test_backend_refactored.TestAuthEndpoints" name="test_login_invalid_credentials" time="0.932" /><testcase classname="backend.tests.test_backend_refactored.TestAuthEndpoints" name="test_auth_me_with_cookie" time="1.642" /><testcase classname="backend.tests.test_backend_refactored.TestAuthEndpoints" name="test_auth_me_without_auth" time="0.689" /><testcase classname="backend.tests.test_backend_refactored.TestChallengesEndpoints" name="test_get_challenges_list" time="2.040" /><testcase classname="backend.tests.test_backend_refactored.TestChallengesEndpoints" name="test_create_challenge" time="1.859" /><testcase classname="backend.tests.test_backend_refactored.TestChallengesEndpoints" name="test_get_single_challenge" time="2.535" /><testcase classname="backend.tests.test_backend_refactored.TestChallengesEndpoints" name="test_challenge_not_found" time="1.632" /><testcase classname="backend.tests.test_backend_refactored.TestAIToolsEndpoints" name="test_ai_generate_jd_builder" time="15.713" /><testcase classname="backend.tests.test_backend_refactored.TestAIToolsEndpoints" name="test_ai_generate_with_context" time="12.562" /><testcase classname="backend.tests.test_backend_refactored.TestAIToolsEndpoints" name="test_ai_history" time="2.021" /><testcase classname="backend.tests.test_backend_refactored.TestAIToolsEndpoints" name="test_ai_generate_unauthorized" time="1.632" /><testcase classname="backend.tests.test_backend_refactored.TestDashboardEndpoints" name="test_dashboard_stats" time="1.633" /><testcase classname="backend.tests.test_backend_refactored.TestDashboardEndpoints" name="test_dashboard_stats_unauthorized" time="1.653" /><testcase classname="backend.tests.test_backend_refactored.TestDashboardEndpoints" name="test_leaderboard" time="1.596" /><testcase classname="backend.tests.test_backend_refactored.TestDashboardEndpoints" name="test_profile_stats" time="1.604" /><testcase classname="backend.tests.test_backend_refactored.TestAIFileOperations" name="test_upload_and_extract_txt_file" time="2.207" /><testcase classname="backend.tests.test_backend_refactored.TestAIFileOperations" name="test_download_txt_format" time="1.594" /><testcase classname="backend.tests.test_backend_refactored.TestAIFileOperations" name="test_download_docx_format" time="1.776" /><testcase classname="backend.tests.test_backend_refactored.TestAIFileOperations" name="test_download_pdf_format" time="2.139" /></testsuite></testsuites>