<?xml version="1.0" encoding="utf-8"?><testsuites name="pytest tests"><testsuite name="pytest" errors="0" failures="0" skipped="0" tests="8" time="4.730" timestamp="2026-05-03T13:20:25.106368+00:00" hostname="agent-env-24a9a0ee-ab46-49af-b052-e6588973e5c4"><testcase classname="tests.test_download_endpoint.TestDownloadEndpoint" name="test_download_txt_format" time="1.034" /><testcase classname="tests.test_download_endpoint.TestDownloadEndpoint" name="test_download_pdf_format" time="0.961" /><testcase classname="tests.test_download_endpoint.TestDownloadEndpoint" name="test_download_docx_format" time="0.493" /><testcase classname="tests.test_download_endpoint.TestDownloadEndpoint" name="test_download_with_special_characters" time="0.407" /><testcase classname="tests.test_download_endpoint.TestDownloadEndpoint" name="test_download_with_markdown_tables" time="0.501" /><testcase classname="tests.test_download_endpoint.TestDownloadEndpoint" name="test_download_invalid_format" time="0.401" /><testcase classname="tests.test_download_endpoint.TestDownloadEndpoint" name="test_download_requires_auth" time="0.451" /><testcase classname="tests.test_download_endpoint.TestCSVDownload" name="test_csv_download_with_json_array" time="0.381" /></testsuite></testsuites>