<?xml version="1.0" encoding="utf-8"?><testsuites name="pytest tests"><testsuite name="pytest" errors="0" failures="0" skipped="0" tests="21" time="18.061" timestamp="2026-02-21T09:07:02.407692+00:00" hostname="agent-env-396599ba-68e1-4fdd-8523-7b5eb31c54fe"><testcase classname="backend.tests.test_dashboard_features.TestAuthEndpoints" name="test_login_returns_200_and_user_data" time="1.339" /><testcase classname="backend.tests.test_dashboard_features.TestAuthEndpoints" name="test_login_sets_session_cookie" time="1.097" /><testcase classname="backend.tests.test_dashboard_features.TestAuthEndpoints" name="test_register_new_user_returns_200" time="0.967" /><testcase classname="backend.tests.test_dashboard_features.TestAuthEndpoints" name="test_register_sets_session_cookie" time="1.097" /><testcase classname="backend.tests.test_dashboard_features.TestAuthEndpoints" name="test_invalid_login_returns_401" time="0.667" /><testcase classname="backend.tests.test_dashboard_features.TestAuthEndpoints" name="test_get_me_when_authenticated" time="1.755" /><testcase classname="backend.tests.test_dashboard_features.TestDashboardStats" name="test_dashboard_stats_returns_200" time="0.665" /><testcase classname="backend.tests.test_dashboard_features.TestDashboardStats" name="test_dashboard_stats_has_required_fields" time="0.667" /><testcase classname="backend.tests.test_dashboard_features.TestDashboardStats" name="test_dashboard_stats_user_badge_is_valid" time="0.660" /><testcase classname="backend.tests.test_dashboard_features.TestDashboardStats" name="test_dashboard_stats_numeric_fields" time="0.667" /><testcase classname="backend.tests.test_dashboard_features.TestDashboardStats" name="test_dashboard_stats_recent_challenges_is_list" time="0.681" /><testcase classname="backend.tests.test_dashboard_features.TestDashboardStats" name="test_dashboard_stats_activity_feed_is_list" time="0.653" /><testcase classname="backend.tests.test_dashboard_features.TestDashboardStats" name="test_dashboard_stats_activity_feed_item_structure" time="0.669" /><testcase classname="backend.tests.test_dashboard_features.TestDashboardStats" name="test_dashboard_stats_last_ai_tool_structure" time="0.663" /><testcase classname="backend.tests.test_dashboard_features.TestDashboardStats" name="test_dashboard_stats_last_challenge_structure" time="0.663" /><testcase classname="backend.tests.test_dashboard_features.TestDashboardStats" name="test_new_user_has_null_last_ai_tool" time="1.677" /><testcase classname="backend.tests.test_dashboard_features.TestDashboardStats" name="test_new_user_has_null_last_challenge" time="0.691" /><testcase classname="backend.tests.test_dashboard_features.TestDashboardStats" name="test_dashboard_stats_requires_auth" time="0.686" /><testcase classname="backend.tests.test_dashboard_features.TestDashboardStats" name="test_recent_challenges_have_author_field" time="0.657" /><testcase classname="backend.tests.test_dashboard_features.TestDashboardStats" name="test_activity_feed_sorted_by_recent" time="0.658" /><testcase classname="backend.tests.test_dashboard_features.TestLeaderboard" name="test_leaderboard_returns_users" time="0.646" /></testsuite></testsuites>