<?xml version="1.0" encoding="utf-8"?><testsuites name="pytest tests"><testsuite name="pytest" errors="0" failures="0" skipped="0" tests="20" time="10.795" timestamp="2026-06-29T14:37:12.767026+00:00" hostname="agent-env-05a90494-77cf-4dc4-969b-a1bc99c3792d"><testcase classname="tests.test_security_hardenings.TestLoginStillWorks" name="test_superadmin_login" time="0.494" /><testcase classname="tests.test_security_hardenings.TestLoginStillWorks" name="test_admin_login" time="0.353" /><testcase classname="tests.test_security_hardenings.TestLoginStillWorks" name="test_success_clears_failed_attempts" time="1.038" /><testcase classname="tests.test_security_hardenings.TestBruteForceLockout" name="test_lockout_after_5_failures_on_6th" time="0.685" /><testcase classname="tests.test_security_hardenings.TestBruteForceLockout" name="test_lockout_blocks_correct_password_too" time="0.105" /><testcase classname="tests.test_security_hardenings.TestBruteForceLockout" name="test_lockout_does_not_affect_other_email" time="0.107" /><testcase classname="tests.test_security_hardenings.TestBruteForceLockout" name="test_lockout_collection_has_required_indexes" time="0.001" /><testcase classname="tests.test_security_hardenings.TestApiKeyEncryption" name="test_save_api_key_stores_ciphertext" time="0.384" /><testcase classname="tests.test_security_hardenings.TestApiKeyEncryption" name="test_delete_api_key" time="0.388" /><testcase classname="tests.test_security_hardenings.TestApiKeyEncryption" name="test_superadmin_key_is_encrypted_at_rest" time="0.001" /><testcase classname="tests.test_security_hardenings.TestSecurityHeaders" name="test_headers_on_auth_me_unauth" time="0.128" /><testcase classname="tests.test_security_hardenings.TestSecurityHeaders" name="test_headers_on_dashboard_stats" time="0.416" /><testcase classname="tests.test_security_hardenings.TestSecurityHeaders" name="test_headers_on_challenges_list" time="0.103" /><testcase classname="tests.test_security_hardenings.TestEncryptedKeyDecryptPath" name="test_ai_generate_with_encrypted_superadmin_key" time="4.134" /><testcase classname="tests.test_security_hardenings.TestRegression" name="test_auth_me" time="0.423" /><testcase classname="tests.test_security_hardenings.TestRegression" name="test_dashboard_stats" time="0.385" /><testcase classname="tests.test_security_hardenings.TestRegression" name="test_challenges_list" time="0.375" /><testcase classname="tests.test_security_hardenings.TestRegression" name="test_leaderboard" time="0.377" /><testcase classname="tests.test_security_hardenings.TestRegression" name="test_profile_stats" time="0.373" /><testcase classname="tests.test_security_hardenings.TestRegression" name="test_update_profile_picture" time="0.374" /></testsuite></testsuites>